<?xml version="1.0" encoding="UTF-8"?>
<!-- Generated by org.testng.reporters.JUnitReportReporter -->
<testsuite hostname="StOrM" failures="0" tests="1" name="com.PolyPro.entity.NguoiHocTest" time="0.060" errors="0" timestamp="2022-04-08T01:06:00 ICT" skipped="0">
  <testcase classname="com.PolyPro.entity.NguoiHocTest" name="toStringTest" time="0.060"/>
  <system-out/>
</testsuite> <!-- com.PolyPro.entity.NguoiHocTest -->
