<?xml version="1.0" encoding="UTF-8"?>
<!-- Generated by org.testng.reporters.JUnitReportReporter -->
<testsuite hostname="DESKTOP-H694RF0" failures="0" tests="17" name="com.PolyPro.entity.KhoaHocTest" time="0.040" errors="0" timestamp="2022-04-14T21:14:12 ICT" skipped="0">
  <testcase classname="com.PolyPro.entity.KhoaHocTest" name="setThoiLuongTest" time="0.003"/>
  <system-out/>
  <testcase classname="com.PolyPro.entity.KhoaHocTest" name="toStringTest" time="0.003"/>
  <system-out/>
  <testcase classname="com.PolyPro.entity.KhoaHocTest" name="getMaCDTest" time="0.003"/>
  <system-out/>
  <testcase classname="com.PolyPro.entity.KhoaHocTest" name="getThoiLuongTest" time="0.002"/>
  <system-out/>
  <testcase classname="com.PolyPro.entity.KhoaHocTest" name="getMaKHTest" time="0.002"/>
  <system-out/>
  <testcase classname="com.PolyPro.entity.KhoaHocTest" name="getNgayKGTest" time="0.004"/>
  <system-out/>
  <testcase classname="com.PolyPro.entity.KhoaHocTest" name="setMaNVTest" time="0.002"/>
  <system-out/>
  <testcase classname="com.PolyPro.entity.KhoaHocTest" name="setMaCDTest" time="0.002"/>
  <system-out/>
  <testcase classname="com.PolyPro.entity.KhoaHocTest" name="setHocPhiTest" time="0.001"/>
  <system-out/>
  <testcase classname="com.PolyPro.entity.KhoaHocTest" name="getGhiChuTest" time="0.006"/>
  <system-out/>
  <testcase classname="com.PolyPro.entity.KhoaHocTest" name="setMaKHTest" time="0.002"/>
  <system-out/>
  <testcase classname="com.PolyPro.entity.KhoaHocTest" name="getHocPhiTest" time="0.001"/>
  <system-out/>
  <testcase classname="com.PolyPro.entity.KhoaHocTest" name="setNgayKGTest" time="0.002"/>
  <system-out/>
  <testcase classname="com.PolyPro.entity.KhoaHocTest" name="getMaNVTest" time="0.002"/>
  <system-out/>
  <testcase classname="com.PolyPro.entity.KhoaHocTest" name="setGhiChuTest" time="0.002"/>
  <system-out/>
  <testcase classname="com.PolyPro.entity.KhoaHocTest" name="getNgayTaoTest" time="0.001"/>
  <system-out/>
  <testcase classname="com.PolyPro.entity.KhoaHocTest" name="setNgayTaoTest" time="0.002"/>
  <system-out/>
</testsuite> <!-- com.PolyPro.entity.KhoaHocTest -->
