<?xml version="1.0" encoding="UTF-8"?>
<!-- Generated by org.testng.reporters.JUnitReportReporter -->
<testsuite hostname="DESKTOP-H694RF0" failures="0" tests="9" name="com.PolyPro.entity.NhanVienTest" time="0.031" errors="0" timestamp="2022-04-07T17:21:44 ICT" skipped="0">
  <testcase classname="com.PolyPro.entity.NhanVienTest" name="getMatKhauTest" time="0.004"/>
  <system-out/>
  <testcase classname="com.PolyPro.entity.NhanVienTest" name="setMaNVTest" time="0.003"/>
  <system-out/>
  <testcase classname="com.PolyPro.entity.NhanVienTest" name="setMatKhauTest" time="0.003"/>
  <system-out/>
  <testcase classname="com.PolyPro.entity.NhanVienTest" name="setVaiTroTest" time="0.002"/>
  <system-out/>
  <testcase classname="com.PolyPro.entity.NhanVienTest" name="toStringTest" time="0.004"/>
  <system-out/>
  <testcase classname="com.PolyPro.entity.NhanVienTest" name="getHoTenTest" time="0.009"/>
  <system-out/>
  <testcase classname="com.PolyPro.entity.NhanVienTest" name="setHoTenTest" time="0.002"/>
  <system-out/>
  <testcase classname="com.PolyPro.entity.NhanVienTest" name="getMaNVTest" time="0.003"/>
  <system-out/>
  <testcase classname="com.PolyPro.entity.NhanVienTest" name="isVaiTroTest" time="0.001"/>
  <system-out/>
</testsuite> <!-- com.PolyPro.entity.NhanVienTest -->
