<?xml version="1.0" encoding="UTF-8"?>
<!-- Generated by org.testng.reporters.JUnitReportReporter -->
<testsuite hostname="StOrM" failures="0" tests="1" name="com.PolyPro.entity.ChuyenDeTest" time="0.009" errors="0" timestamp="2022-04-07T19:46:53 ICT" skipped="0">
  <testcase classname="com.PolyPro.entity.ChuyenDeTest" name="setMaCDTest" time="0.009"/>
  <system-out/>
</testsuite> <!-- com.PolyPro.entity.ChuyenDeTest -->
