<?xml version="1.0" encoding="UTF-8"?>
<!-- Generated by org.testng.reporters.JUnitReportReporter -->
<testsuite hostname="DESKTOP-H694RF0" failures="0" tests="3" name="com.WebDriver.main.WebDriverTest" time="9.452" errors="0" timestamp="2022-04-14T21:13:23 ICT" skipped="0">
  <testcase classname="com.WebDriver.main.WebDriverTest" name="LaunchWebsite" time="4.784"/>
  <system-out/>
  <testcase classname="com.WebDriver.main.WebDriverTest" name="FillLoginDetails" time="1.630"/>
  <system-out/>
  <testcase classname="com.WebDriver.main.WebDriverTest" name="DoLogin" time="3.038"/>
  <system-out/>
</testsuite> <!-- com.WebDriver.main.WebDriverTest -->
