<?xml version="1.0" encoding="UTF-8"?>
<!-- Generated by org.testng.reporters.JUnitReportReporter -->
<testsuite hostname="DESKTOP-H694RF0" failures="0" tests="7" name="com.PolyPro.DAO.ChuyenDeDAOTestNG" time="0.297" errors="0" timestamp="2022-04-14T21:14:12 ICT" skipped="3">
  <testcase classname="com.PolyPro.DAO.ChuyenDeDAOTestNG" name="insertTest" time="0.081"/>
  <system-out/>
  <testcase classname="com.PolyPro.DAO.ChuyenDeDAOTestNG" name="selectByIdTest" time="0.043"/>
  <system-out/>
  <testcase classname="com.PolyPro.DAO.ChuyenDeDAOTestNG" name="updateTest" time="0.116"/>
  <system-out/>
  <testcase classname="com.PolyPro.DAO.ChuyenDeDAOTestNG" name="deleteTest" time="0.057"/>
  <system-out/>
  <testcase classname="com.PolyPro.DAO.ChuyenDeDAOTestNG" name="selectInCourseTest">
    <skipped/>
  </testcase> <!-- selectInCourseTest -->
  <system-out/>
  <testcase classname="com.PolyPro.DAO.ChuyenDeDAOTestNG" name="selectBySqlTest">
    <skipped/>
  </testcase> <!-- selectBySqlTest -->
  <system-out/>
  <testcase classname="com.PolyPro.DAO.ChuyenDeDAOTestNG" name="selectAllTest">
    <skipped/>
  </testcase> <!-- selectAllTest -->
  <system-out/>
</testsuite> <!-- com.PolyPro.DAO.ChuyenDeDAOTestNG -->
