<?xml version="1.0" encoding="UTF-8"?>
<!-- Generated by org.testng.reporters.JUnitReportReporter -->
<testsuite hostname="DESKTOP-H694RF0" failures="0" tests="13" name="com.PolyPro.entity.ChuyenDeTest" time="0.017" errors="0" timestamp="2022-04-07T18:03:46 ICT" skipped="0">
  <testcase classname="com.PolyPro.entity.ChuyenDeTest" name="setMaCDTest" time="0.000"/>
  <system-out/>
  <testcase classname="com.PolyPro.entity.ChuyenDeTest" name="getThoiLuongTest" time="0.002"/>
  <system-out/>
  <testcase classname="com.PolyPro.entity.ChuyenDeTest" name="getTenCDTest" time="0.002"/>
  <system-out/>
  <testcase classname="com.PolyPro.entity.ChuyenDeTest" name="setThoiLuongTest" time="0.000"/>
  <system-out/>
  <testcase classname="com.PolyPro.entity.ChuyenDeTest" name="setMoTaTest" time="0.001"/>
  <system-out/>
  <testcase classname="com.PolyPro.entity.ChuyenDeTest" name="toStringTest" time="0.001"/>
  <system-out/>
  <testcase classname="com.PolyPro.entity.ChuyenDeTest" name="setHinhTest" time="0.001"/>
  <system-out/>
  <testcase classname="com.PolyPro.entity.ChuyenDeTest" name="setHocPhiTest" time="0.001"/>
  <system-out/>
  <testcase classname="com.PolyPro.entity.ChuyenDeTest" name="getMaCDTest" time="0.000"/>
  <system-out/>
  <testcase classname="com.PolyPro.entity.ChuyenDeTest" name="getMoTaTest" time="0.001"/>
  <system-out/>
  <testcase classname="com.PolyPro.entity.ChuyenDeTest" name="setTenCDTest" time="0.001"/>
  <system-out/>
  <testcase classname="com.PolyPro.entity.ChuyenDeTest" name="getHinhTest" time="0.006"/>
  <system-out/>
  <testcase classname="com.PolyPro.entity.ChuyenDeTest" name="getHocPhiTest" time="0.001"/>
  <system-out/>
</testsuite> <!-- com.PolyPro.entity.ChuyenDeTest -->
