<?xml version="1.0" encoding="UTF-8"?>
<!-- Generated by org.testng.reporters.JUnitReportReporter -->
<testsuite hostname="StOrM" failures="0" tests="1" name="com.PolyPro.entity.HocVienTest" time="0.012" errors="0" timestamp="2022-04-08T00:47:48 ICT" skipped="0">
  <testcase classname="com.PolyPro.entity.HocVienTest" name="setMaNHTest" time="0.012"/>
  <system-out/>
</testsuite> <!-- com.PolyPro.entity.HocVienTest -->
