<?xml version="1.0" encoding="UTF-8"?>
<!-- Generated by org.testng.reporters.JUnitReportReporter -->
<testsuite hostname="DESKTOP-H694RF0" failures="0" tests="7" name="com.PolyPro.DAO.NhanVienDAOTestNG" time="1.255" errors="0" timestamp="2022-04-14T21:14:12 ICT" skipped="2">
  <testcase classname="com.PolyPro.DAO.NhanVienDAOTestNG" name="insertTest" time="0.864"/>
  <system-out/>
  <testcase classname="com.PolyPro.DAO.NhanVienDAOTestNG" name="selectByIdTest" time="0.045"/>
  <system-out/>
  <testcase classname="com.PolyPro.DAO.NhanVienDAOTestNG" name="updateTest" time="0.130"/>
  <system-out/>
  <testcase classname="com.PolyPro.DAO.NhanVienDAOTestNG" name="resetPasswordTest" time="0.124"/>
  <system-out/>
  <testcase classname="com.PolyPro.DAO.NhanVienDAOTestNG" name="deleteTest" time="0.092"/>
  <system-out/>
  <testcase classname="com.PolyPro.DAO.NhanVienDAOTestNG" name="selectAllTest">
    <skipped/>
  </testcase> <!-- selectAllTest -->
  <system-out/>
  <testcase classname="com.PolyPro.DAO.NhanVienDAOTestNG" name="selectBySqlTest">
    <skipped/>
  </testcase> <!-- selectBySqlTest -->
  <system-out/>
</testsuite> <!-- com.PolyPro.DAO.NhanVienDAOTestNG -->
